{
  "stats": {
    "suites": 1,
    "tests": 2,
    "passes": 0,
    "pending": 0,
    "failures": 2,
    "start": "2023-04-05T09:16:22.826Z",
    "end": "2023-04-05T09:16:32.575Z",
    "duration": 9749,
    "testsRegistered": 2,
    "passPercent": 0,
    "pendingPercent": 0,
    "other": 0,
    "hasOther": false,
    "skipped": 0,
    "hasSkipped": false
  },
  "results": [
    {
      "uuid": "f6871a16-8eee-4929-a241-9a95b29e1fab",
      "title": "",
      "fullFile": "cypress\\e2e\\district.cy.js",
      "file": "cypress\\e2e\\district.cy.js",
      "beforeHooks": [],
      "afterHooks": [],
      "tests": [],
      "suites": [
        {
          "uuid": "72e9eae0-cc11-44ca-80c2-6d1546b9d1d6",
          "title": "District Test Case",
          "fullFile": "",
          "file": "",
          "beforeHooks": [],
          "afterHooks": [],
          "tests": [
            {
              "title": "DistrictAdd",
              "fullTitle": "District Test Case DistrictAdd",
              "timedOut": null,
              "duration": 5259,
              "state": "failed",
              "speed": null,
              "pass": false,
              "fail": true,
              "pending": false,
              "context": "{\n  \"title\": \"cypress-mochawesome-reporter-screenshots\",\n  \"value\": [\n    [\n      {\n        \"title\": \"Failed screenshot\",\n        \"value\": \"\\\\district.cy.js\\\\District Test Case -- DistrictAdd (failed).png\"\n      }\n    ]\n  ]\n}",
              "code": "cy.login(\"admin@gmail.com\", \"IFAdmin123#\");\ndistrictpage.ExpandIcon().click();\ndistrictpage.Menu().click();\ncy.wait(1000);\ndistrictpage.CreateBtn().click();\ndistrictpage.ClickDivision().click();\ndistrictpage.SelectDivision().type('ময়মনসিংহ').type('{enter}');\ndistrictpage.NameEN().type('Mymensingh');\ndistrictpage.NameBN().type('ময়মনসিংহ');\ndistrictpage.Submit().click();\ncy.contains('Mymensingh').should('contain', 'Mymensingh');\n//Edit Function\ndistrictpage.EdidIcon().click();\ncy.wait(1000);\ndistrictpage.UpdateBtn().click();\n//DeleteFunction\ndistrictpage.DeleteIcon().click();\ndistrictpage.DeleteYes().click();",
              "err": {
                "message": "CypressError: `cy.type()` failed because the page updated as a result of this command, but you tried to continue the command chain. The subject is no longer attached to the DOM, and Cypress cannot requery the page after commands such as `cy.type()`.\n\nCommon situations why this happens:\n  - Your JS framework re-rendered asynchronously\n  - Your app code reacted to an event firing and removed the element\n\nYou can typically solve this by breaking up a chain. For example, rewrite:\n\n> `cy.get('button').click().should('have.class', 'active')`\n\nto\n\n> `cy.get('button').as('btn').click()`\n> `cy.get('@btn').should('have.class', 'active')`\n\nhttps://on.cypress.io/element-has-detached-from-dom",
                "estack": "CypressError: `cy.type()` failed because the page updated as a result of this command, but you tried to continue the command chain. The subject is no longer attached to the DOM, and Cypress cannot requery the page after commands such as `cy.type()`.\n\nCommon situations why this happens:\n  - Your JS framework re-rendered asynchronously\n  - Your app code reacted to an event firing and removed the element\n\nYou can typically solve this by breaking up a chain. For example, rewrite:\n\n> `cy.get('button').click().should('have.class', 'active')`\n\nto\n\n> `cy.get('button').as('btn').click()`\n> `cy.get('@btn').should('have.class', 'active')`\n\nhttps://on.cypress.io/element-has-detached-from-dom\n    at isAttached (http://3.109.139.226:3006/__cypress/runner/cypress_runner.js:151982:66)\n    at validateType (http://3.109.139.226:3006/__cypress/runner/cypress_runner.js:151852:9)\n    at Object.isType (http://3.109.139.226:3006/__cypress/runner/cypress_runner.js:151887:7)\n    at $Cy.pushSubject (http://3.109.139.226:3006/__cypress/runner/cypress_runner.js:151595:22)\n    at wrapped (http://3.109.139.226:3006/__cypress/runner/cypress_runner.js:151181:19)\nFrom Your Spec Code:\n    at Context.eval (webpack:///./cypress/e2e/district.cy.js:13:51)",
                "diff": null
              },
              "uuid": "603ae29a-cce8-4e55-9620-7b29c22dc626",
              "parentUUID": "72e9eae0-cc11-44ca-80c2-6d1546b9d1d6",
              "isHook": false,
              "skipped": false
            },
            {
              "title": "DistrictAdd",
              "fullTitle": "District Test Case DistrictAdd",
              "timedOut": null,
              "duration": 4426,
              "state": "failed",
              "speed": null,
              "pass": false,
              "fail": true,
              "pending": false,
              "context": "{\n  \"title\": \"cypress-mochawesome-reporter-screenshots\",\n  \"value\": [\n    [\n      {\n        \"title\": \"Failed screenshot\",\n        \"value\": \"\\\\district.cy.js\\\\District Test Case -- DistrictAdd (failed) (1).png\"\n      }\n    ]\n  ]\n}",
              "code": "cy.login(\"admin@gmail.com\", \"IFAdmin123#\");\ndistrictpage.ExpandIcon().click();\ndistrictpage.Menu().click();\ncy.wait(1000);\ndistrictpage.CreateBtn().click();\ndistrictpage.ClickDivision().click();\ndistrictpage.SelectDivision().type('ময়মনসিংহ').type('{enter}');\ndistrictpage.NameEN().type('Mymensingh');\ndistrictpage.NameBN().type('ময়মনসিংহ');\ndistrictpage.Submit().click();\ncy.contains('Mymensingh').should('contain', 'Mymensingh');",
              "err": {
                "message": "CypressError: `cy.type()` failed because the page updated as a result of this command, but you tried to continue the command chain. The subject is no longer attached to the DOM, and Cypress cannot requery the page after commands such as `cy.type()`.\n\nCommon situations why this happens:\n  - Your JS framework re-rendered asynchronously\n  - Your app code reacted to an event firing and removed the element\n\nYou can typically solve this by breaking up a chain. For example, rewrite:\n\n> `cy.get('button').click().should('have.class', 'active')`\n\nto\n\n> `cy.get('button').as('btn').click()`\n> `cy.get('@btn').should('have.class', 'active')`\n\nhttps://on.cypress.io/element-has-detached-from-dom",
                "estack": "CypressError: `cy.type()` failed because the page updated as a result of this command, but you tried to continue the command chain. The subject is no longer attached to the DOM, and Cypress cannot requery the page after commands such as `cy.type()`.\n\nCommon situations why this happens:\n  - Your JS framework re-rendered asynchronously\n  - Your app code reacted to an event firing and removed the element\n\nYou can typically solve this by breaking up a chain. For example, rewrite:\n\n> `cy.get('button').click().should('have.class', 'active')`\n\nto\n\n> `cy.get('button').as('btn').click()`\n> `cy.get('@btn').should('have.class', 'active')`\n\nhttps://on.cypress.io/element-has-detached-from-dom\n    at isAttached (http://3.109.139.226:3006/__cypress/runner/cypress_runner.js:151982:66)\n    at validateType (http://3.109.139.226:3006/__cypress/runner/cypress_runner.js:151852:9)\n    at Object.isType (http://3.109.139.226:3006/__cypress/runner/cypress_runner.js:151887:7)\n    at $Cy.pushSubject (http://3.109.139.226:3006/__cypress/runner/cypress_runner.js:151595:22)\n    at wrapped (http://3.109.139.226:3006/__cypress/runner/cypress_runner.js:151181:19)\nFrom Your Spec Code:\n    at Context.eval (webpack:///./cypress/e2e/district.cy.js:38:51)",
                "diff": null
              },
              "uuid": "9e453a9b-c298-40c3-9bd3-72dc49d56dd3",
              "parentUUID": "72e9eae0-cc11-44ca-80c2-6d1546b9d1d6",
              "isHook": false,
              "skipped": false
            }
          ],
          "suites": [],
          "passes": [],
          "failures": [
            "603ae29a-cce8-4e55-9620-7b29c22dc626",
            "9e453a9b-c298-40c3-9bd3-72dc49d56dd3"
          ],
          "pending": [],
          "skipped": [],
          "duration": 9685,
          "root": false,
          "rootEmpty": false,
          "_timeout": 2000
        }
      ],
      "passes": [],
      "failures": [],
      "pending": [],
      "skipped": [],
      "duration": 0,
      "root": true,
      "rootEmpty": true,
      "_timeout": 2000
    }
  ],
  "meta": {
    "mocha": {
      "version": "7.0.1"
    },
    "mochawesome": {
      "options": {
        "quiet": false,
        "reportFilename": "mochawesome",
        "saveHtml": false,
        "saveJson": true,
        "consoleReporter": "spec",
        "useInlineDiffs": false,
        "code": true
      },
      "version": "7.1.3"
    },
    "marge": {
      "options": {
        "overwrite": false,
        "html": false,
        "json": true,
        "reportDir": "cypress\\reports\\html\\.jsons"
      },
      "version": "6.2.0"
    }
  }
}