{
  "stats": {
    "suites": 0,
    "tests": 1,
    "passes": 0,
    "pending": 0,
    "failures": 1,
    "start": "2023-08-12T10:33:12.811Z",
    "end": "2023-08-12T10:33:25.395Z",
    "duration": 12584,
    "testsRegistered": 1,
    "passPercent": 0,
    "pendingPercent": 0,
    "other": 0,
    "hasOther": false,
    "skipped": 0,
    "hasSkipped": false
  },
  "results": [
    {
      "uuid": "6de94b92-d1f7-4f0a-8f2d-65704318e12a",
      "title": "",
      "fullFile": "cypress\\e2e\\Upazila.cy.js",
      "file": "cypress\\e2e\\Upazila.cy.js",
      "beforeHooks": [],
      "afterHooks": [],
      "tests": [
        {
          "title": "Create Upazila",
          "fullTitle": "Create Upazila",
          "timedOut": null,
          "duration": 12502,
          "state": "failed",
          "speed": null,
          "pass": false,
          "fail": true,
          "pending": false,
          "context": "{\n  \"title\": \"cypress-mochawesome-reporter-screenshots\",\n  \"value\": [\n    [\n      {\n        \"title\": \"Failed screenshot\",\n        \"value\": \"\\\\Upazila.cy.js\\\\Create Upazila (failed).png\"\n      }\n    ]\n  ]\n}",
          "code": "cy.login(\"admin@gmail.com\", \"IFAdmin123#\");\nupazilapage.ExpandIcon().click();\nupazilapage.Menu().click();\nupazilapage.CreateBtn().click();\ncy.wait(1000);\nupazilapage.SelectDivision().type('ময়মনসিংহ').type('{enter}');\nupazilapage.SelectDistrict().type('ময়মনসিংহ').type('{enter}');\nupazilapage.NameEn().type('Mymensingh Sadar');\nupazilapage.NameBN().type('ময়মনসিংহ সদর');\ncy.get('form').submit();\ncy.contains('ময়মনসিংহ সদর').should('contain', 'ময়মনসিংহ সদর');",
          "err": {
            "message": "AssertionError: Timed out retrying after 5000ms: Expected to find content: 'ময়মনসিংহ সদর' but never did.",
            "estack": "AssertionError: Timed out retrying after 5000ms: Expected to find content: 'ময়মনসিংহ সদর' but never did.\n    at Context.eval (webpack:///./cypress/e2e/Upazila.cy.js:15:32)",
            "diff": null
          },
          "uuid": "16fad1e1-f4d3-413a-af4a-d128c5c8c3c6",
          "parentUUID": "6de94b92-d1f7-4f0a-8f2d-65704318e12a",
          "isHook": false,
          "skipped": false
        }
      ],
      "suites": [],
      "passes": [],
      "failures": [
        "16fad1e1-f4d3-413a-af4a-d128c5c8c3c6"
      ],
      "pending": [],
      "skipped": [],
      "duration": 12502,
      "root": true,
      "rootEmpty": false,
      "_timeout": 2000
    }
  ],
  "meta": {
    "mocha": {
      "version": "7.0.1"
    },
    "mochawesome": {
      "options": {
        "quiet": false,
        "reportFilename": "mochawesome",
        "saveHtml": true,
        "saveJson": true,
        "consoleReporter": "spec",
        "useInlineDiffs": false,
        "code": true
      },
      "version": "7.1.3"
    },
    "marge": {
      "options": null,
      "version": "6.2.0"
    }
  }
}